[2019-10-18T11:29:57.258] [INFO] cheese - sku参数已经收到{"account":"716810918@qq.com","pwd":"gyj388153@","detailUrl":"https://www.lazada.com.my/products/new-plus-size-s-5xl-floral-bomber-jacket-men-hip-hop-slim-fit-flowers-pilot-bomber-jacket-coat-mens-hooded-jackets-i581532837-s1164964719.html?","sku":"{\"Color\":\"White\",\"Size\":\"5XL\",\"Quantity\":3}"}
[2019-10-18T11:31:40.839] [INFO] cheese - sku参数已经收到 {"account":"716810918@qq.com","pwd":"gyj388153@","detailUrl":"https://www.lazada.com.my/products/new-plus-size-s-5xl-floral-bomber-jacket-men-hip-hop-slim-fit-flowers-pilot-bomber-jacket-coat-mens-hooded-jackets-i581532837-s1164964719.html?","sku":"{\"Color\":\"White\",\"Size\":\"5XL\",\"Quantity\":3}"}
[2019-10-18T11:48:29.448] [INFO] cheese - sku参数已经收到 {"account":"716810918@qq.com","pwd":"gyj388153@","detailUrl":"https://www.lazada.com.my/products/new-plus-size-s-5xl-floral-bomber-jacket-men-hip-hop-slim-fit-flowers-pilot-bomber-jacket-coat-mens-hooded-jackets-i581532837-s1164964719.html?","sku":"{\"Color\":\"White\",\"Size\":\"5XL\",\"Quantity\":3}"}
[2019-10-18T11:51:30.438] [INFO] cheese - sku参数已经收到 {"account":"716810918@qq.com","pwd":"gyj388153@","detailUrl":"https://www.lazada.com.my/products/new-plus-size-s-5xl-floral-bomber-jacket-men-hip-hop-slim-fit-flowers-pilot-bomber-jacket-coat-mens-hooded-jackets-i581532837-s1164964719.html?","sku":"{\"Color\":\"White\",\"Size\":\"5XL\",\"Quantity\":3}"}
[2019-10-18T11:51:41.946] [INFO] cheese - 已经跳转到详情页
[2019-10-18T11:57:11.578] [INFO] cheese - sku参数已经收到 {"account":"716810918@qq.com","pwd":"gyj388153@","detailUrl":"https://www.lazada.com.my/products/new-plus-size-s-5xl-floral-bomber-jacket-men-hip-hop-slim-fit-flowers-pilot-bomber-jacket-coat-mens-hooded-jackets-i581532837-s1164964719.html?","sku":"{\"Color\":\"White\",\"Size\":\"5XL\",\"Quantity\":3}"}
[2019-10-18T11:57:19.879] [INFO] cheese - 已经跳转到详情页
[2019-10-18T11:57:19.919] [INFO] cheese - sku全部信息已经处理完 [object Object],[object Object],[object Object],[object Object],[object Object],[object Object],[object Object],[object Object],[object Object],[object Object]
[2019-10-18T11:57:19.919] [INFO] cheese - sku图片信息 [object Object],[object Object],[object Object],[object Object],[object Object],[object Object]
[2019-10-18T11:57:19.919] [INFO] cheese - img disabled 0
[2019-10-18T11:57:20.148] [INFO] cheese - img disabled 2
[2019-10-18T11:57:20.491] [INFO] cheese - img default selected error 5
[2019-10-18T11:57:20.491] [INFO] cheese - sku除图片信息sku [object Object],[object Object],[object Object],[object Object]
[2019-10-18T11:57:20.491] [INFO] cheese - sku default selected error 0 0
[2019-10-18T11:57:20.491] [INFO] cheese - sku selected success 0 3
[2019-10-18T11:57:20.631] [INFO] cheese - 商品数量已经填写
[2019-10-18T11:57:20.817] [INFO] cheese - 已跳转至结算页
[2019-10-18T11:57:20.826] [INFO] cheese - 登录iframe弹框已捕捉
[2019-10-18T11:57:26.898] [INFO] cheese - 账号已经填写
[2019-10-18T11:57:28.045] [INFO] cheese - 密码已经填写
[2019-10-18T11:57:32.739] [INFO] cheese - 等待下单按钮出现
[2019-10-18T11:57:33.193] [INFO] cheese - 下单按钮已点击，等待跳转支付页面
[2019-10-18T11:57:35.025] [INFO] cheese - 等待货到付款支付按钮
[2019-10-18T11:57:35.204] [INFO] cheese - 货到付款按钮已点击
[2019-10-18T11:58:58.188] [INFO] cheese - sku参数已经收到 {"account":"716810918@qq.com","pwd":"gyj388153@","detailUrl":"https://www.lazada.com.my/products/new-plus-size-s-5xl-floral-bomber-jacket-men-hip-hop-slim-fit-flowers-pilot-bomber-jacket-coat-mens-hooded-jackets-i581532837-s1164964719.html?","sku":"{\"Color\":\"White\",\"Size\":\"5XL\",\"Quantity\":3}"}
[2019-10-18T11:59:05.335] [INFO] cheese - 已经跳转到详情页
[2019-10-18T11:59:05.365] [INFO] cheese - sku全部信息已经处理完 [object Object],[object Object],[object Object],[object Object],[object Object],[object Object],[object Object],[object Object],[object Object],[object Object]
[2019-10-18T11:59:05.365] [INFO] cheese - sku图片信息 [object Object],[object Object],[object Object],[object Object],[object Object],[object Object]
[2019-10-18T11:59:05.366] [INFO] cheese - img disabled 0
[2019-10-18T11:59:05.724] [INFO] cheese - img disabled 2
[2019-10-18T11:59:06.069] [INFO] cheese - img default selected error 5
[2019-10-18T11:59:06.069] [INFO] cheese - sku除图片信息sku [object Object],[object Object],[object Object],[object Object]
[2019-10-18T11:59:06.069] [INFO] cheese - sku default selected error 0 0
[2019-10-18T11:59:06.069] [INFO] cheese - sku selected success 0 3
[2019-10-18T11:59:06.158] [INFO] cheese - 商品数量已经填写
[2019-10-18T11:59:06.360] [INFO] cheese - 已跳转至结算页
[2019-10-18T11:59:06.426] [INFO] cheese - 登录iframe弹框已捕捉
[2019-10-18T11:59:08.063] [INFO] cheese - 账号已经填写
[2019-10-18T11:59:09.198] [INFO] cheese - 密码已经填写
[2019-10-18T12:07:11.246] [INFO] cheese - sku参数已经收到 {"account":"716810918@qq.com","pwd":"gyj388153@","detailUrl":"https://www.lazada.com.my/products/new-plus-size-s-5xl-floral-bomber-jacket-men-hip-hop-slim-fit-flowers-pilot-bomber-jacket-coat-mens-hooded-jackets-i581532837-s1164964719.html?","sku":"{\"Color\":\"White\",\"Size\":\"5XL\",\"Quantity\":3}"}
[2019-10-18T12:07:46.595] [INFO] cheese - sku参数已经收到 {"account":"716810918@qq.com","pwd":"gyj388153@","detailUrl":"https://www.lazada.com.my/products/new-plus-size-s-5xl-floral-bomber-jacket-men-hip-hop-slim-fit-flowers-pilot-bomber-jacket-coat-mens-hooded-jackets-i581532837-s1164964719.html?","sku":"{\"Color\":\"White\",\"Size\":\"5XL\",\"Quantity\":3}"}
[2019-10-18T12:09:07.466] [INFO] cheese - sku参数已经收到 {"account":"716810918@qq.com","pwd":"gyj388153@","detailUrl":"https://www.lazada.com.my/products/new-plus-size-s-5xl-floral-bomber-jacket-men-hip-hop-slim-fit-flowers-pilot-bomber-jacket-coat-mens-hooded-jackets-i581532837-s1164964719.html?","sku":"{\"Color\":\"White\",\"Size\":\"5XL\",\"Quantity\":3}"}
[2019-10-18T12:35:31.923] [INFO] cheese - sku参数已经收到 {"account":"716810918@qq.com","pwd":"gyj388153@","detailUrl":"https://www.lazada.com.my/products/new-plus-size-s-5xl-floral-bomber-jacket-men-hip-hop-slim-fit-flowers-pilot-bomber-jacket-coat-mens-hooded-jackets-i581532837-s1164964719.html?","sku":"{\"Color\":\"White\",\"Size\":\"5XL\",\"Quantity\":3}"}
[2019-10-18T12:35:32.891] [INFO] cheese - 准备跳转到详情页
[2019-10-18T12:50:55.667] [INFO] cheese - sku参数已经收到 {"account":"716810918@qq.com","pwd":"gyj388153@","detailUrl":"https://www.lazada.com.my/products/new-plus-size-s-5xl-floral-bomber-jacket-men-hip-hop-slim-fit-flowers-pilot-bomber-jacket-coat-mens-hooded-jackets-i581532837-s1164964719.html?","sku":"{\"Color\":\"White\",\"Size\":\"5XL\",\"Quantity\":3}"}
[2019-10-18T12:50:56.643] [INFO] cheese - 准备跳转到详情页
[2019-10-18T12:51:12.707] [INFO] cheese - 已经跳转到详情页
[2019-10-18T12:51:12.707] [INFO] cheese - 开始整理sku信息
[2019-10-18T12:51:12.746] [INFO] cheese - sku全部信息已经整理完 [[{"className":"sku-variable-img-wrap-disabled","title":"","skuName":"Blue","value":"White"},{"className":"sku-variable-img-wrap","title":"","skuName":"Blue","value":"White"},{"className":"sku-variable-img-wrap-disabled","title":"","skuName":"Blue","value":"White"},{"className":"sku-variable-img-wrap","title":"","skuName":"Blue","value":"White"},{"className":"sku-variable-img-wrap","title":"","skuName":"Blue","value":"White"},{"className":"sku-variable-img-wrap-selected","title":"","skuName":"Blue","value":"White"}],[{"className":"sku-variable-size-selected","title":"L","skuName":"<span class=\"sku-tabpath-single\"> Int </span>","value":"5XL"},{"className":"sku-variable-size","title":"3XL","skuName":"<span class=\"sku-tabpath-single\"> Int </span>","value":"5XL"},{"className":"sku-variable-size","title":"4XL","skuName":"<span class=\"sku-tabpath-single\"> Int </span>","value":"5XL"},{"className":"sku-variable-size","title":"5XL","skuName":"<span class=\"sku-tabpath-single\"> Int </span>","value":"5XL"}]]
[2019-10-18T12:51:12.746] [INFO] cheese - sku信息(无图) [[{"className":"sku-variable-img-wrap-disabled","title":"","skuName":"Blue","value":"White"},{"className":"sku-variable-img-wrap","title":"","skuName":"Blue","value":"White"},{"className":"sku-variable-img-wrap-disabled","title":"","skuName":"Blue","value":"White"},{"className":"sku-variable-img-wrap","title":"","skuName":"Blue","value":"White"},{"className":"sku-variable-img-wrap","title":"","skuName":"Blue","value":"White"},{"className":"sku-variable-img-wrap-selected","title":"","skuName":"Blue","value":"White"}],[{"className":"sku-variable-size-selected","title":"L","skuName":"<span class=\"sku-tabpath-single\"> Int </span>","value":"5XL"},{"className":"sku-variable-size","title":"3XL","skuName":"<span class=\"sku-tabpath-single\"> Int </span>","value":"5XL"},{"className":"sku-variable-size","title":"4XL","skuName":"<span class=\"sku-tabpath-single\"> Int </span>","value":"5XL"},{"className":"sku-variable-size","title":"5XL","skuName":"<span class=\"sku-tabpath-single\"> Int </span>","value":"5XL"}]]
[2019-10-18T12:51:12.746] [INFO] cheese - sku disabled 0 0
[2019-10-18T12:51:12.747] [INFO] cheese - sku disabled 0 2
[2019-10-18T12:51:12.747] [INFO] cheese - sku default selected error 0 5
[2019-10-18T12:51:12.747] [INFO] cheese - sku default selected error 1 0
[2019-10-18T12:51:12.747] [INFO] cheese - sku selected success 1 3
[2019-10-18T12:51:12.995] [INFO] cheese - 商品数量已经填写
[2019-10-18T12:51:13.222] [INFO] cheese - 已跳转至结算页
[2019-10-18T12:51:13.621] [INFO] cheese - 登录iframe弹框已捕捉
[2019-10-18T12:59:46.387] [INFO] cheese - sku参数已经收到 {"account":"716810918@qq.com","pwd":"gyj388153@","detailUrl":"https://www.lazada.com.my/products/new-plus-size-s-5xl-floral-bomber-jacket-men-hip-hop-slim-fit-flowers-pilot-bomber-jacket-coat-mens-hooded-jackets-i581532837-s1164964719.html?","sku":"{\"Color\":\"White\",\"Size\":\"5XL\",\"Quantity\":3}"}
[2019-10-18T12:59:47.345] [INFO] cheese - 准备跳转到详情页
[2019-10-18T12:59:57.672] [INFO] cheese - 已经跳转到详情页
[2019-10-18T12:59:57.672] [INFO] cheese - 开始整理sku信息
[2019-10-18T12:59:57.704] [INFO] cheese - sku全部信息已经整理完 [[{"className":"sku-variable-img-wrap-disabled","title":"","skuName":"Blue","value":"White"},{"className":"sku-variable-img-wrap","title":"","skuName":"Blue","value":"White"},{"className":"sku-variable-img-wrap-disabled","title":"","skuName":"Blue","value":"White"},{"className":"sku-variable-img-wrap","title":"","skuName":"Blue","value":"White"},{"className":"sku-variable-img-wrap","title":"","skuName":"Blue","value":"White"},{"className":"sku-variable-img-wrap-selected","title":"","skuName":"Blue","value":"White"}],[{"className":"sku-variable-size-selected","title":"L","skuName":"<span class=\"sku-tabpath-single\"> Int </span>","value":"5XL"},{"className":"sku-variable-size","title":"3XL","skuName":"<span class=\"sku-tabpath-single\"> Int </span>","value":"5XL"},{"className":"sku-variable-size","title":"4XL","skuName":"<span class=\"sku-tabpath-single\"> Int </span>","value":"5XL"},{"className":"sku-variable-size","title":"5XL","skuName":"<span class=\"sku-tabpath-single\"> Int </span>","value":"5XL"}]]
[2019-10-18T12:59:57.704] [INFO] cheese - hasSKu false
[2019-10-18T12:59:57.704] [INFO] cheese - sku信息(无图) [[{"className":"sku-variable-img-wrap-disabled","title":"","skuName":"Blue","value":"White"},{"className":"sku-variable-img-wrap","title":"","skuName":"Blue","value":"White"},{"className":"sku-variable-img-wrap-disabled","title":"","skuName":"Blue","value":"White"},{"className":"sku-variable-img-wrap","title":"","skuName":"Blue","value":"White"},{"className":"sku-variable-img-wrap","title":"","skuName":"Blue","value":"White"},{"className":"sku-variable-img-wrap-selected","title":"","skuName":"Blue","value":"White"}],[{"className":"sku-variable-size-selected","title":"L","skuName":"<span class=\"sku-tabpath-single\"> Int </span>","value":"5XL"},{"className":"sku-variable-size","title":"3XL","skuName":"<span class=\"sku-tabpath-single\"> Int </span>","value":"5XL"},{"className":"sku-variable-size","title":"4XL","skuName":"<span class=\"sku-tabpath-single\"> Int </span>","value":"5XL"},{"className":"sku-variable-size","title":"5XL","skuName":"<span class=\"sku-tabpath-single\"> Int </span>","value":"5XL"}]]
[2019-10-18T12:59:57.704] [INFO] cheese - sku disabled 0 0
[2019-10-18T12:59:57.704] [INFO] cheese - sku disabled 0 2
[2019-10-18T12:59:57.704] [INFO] cheese - sku default selected error 0 5
[2019-10-18T12:59:57.704] [INFO] cheese - sku default selected error 1 0
[2019-10-18T12:59:57.705] [INFO] cheese - sku selected success 1 3
[2019-10-18T12:59:57.955] [INFO] cheese - 商品数量已经填写
[2019-10-18T12:59:58.174] [INFO] cheese - 已跳转至结算页
[2019-10-18T12:59:58.610] [INFO] cheese - 登录iframe弹框已捕捉
[2019-10-18T13:02:40.661] [INFO] cheese - sku参数已经收到 {"account":"716810918@qq.com","pwd":"gyj388153@","detailUrl":"https://www.lazada.com.my/products/new-plus-size-s-5xl-floral-bomber-jacket-men-hip-hop-slim-fit-flowers-pilot-bomber-jacket-coat-mens-hooded-jackets-i581532837-s1164964719.html?","sku":"{\"Color\":\"White\",\"Size\":\"5XL\",\"Quantity\":3}"}
[2019-10-18T13:02:41.611] [INFO] cheese - 准备跳转到详情页
[2019-10-18T13:03:37.761] [INFO] cheese - sku参数已经收到 {"account":"716810918@qq.com","pwd":"gyj388153@","detailUrl":"https://www.lazada.com.my/products/new-plus-size-s-5xl-floral-bomber-jacket-men-hip-hop-slim-fit-flowers-pilot-bomber-jacket-coat-mens-hooded-jackets-i581532837-s1164964719.html?","sku":"{\"Color\":\"White\",\"Size\":\"5XL\",\"Quantity\":3}"}
[2019-10-18T13:03:38.633] [INFO] cheese - 准备跳转到详情页
[2019-10-18T13:04:19.632] [INFO] cheese - sku参数已经收到 {"account":"716810918@qq.com","pwd":"gyj388153@","detailUrl":"https://www.lazada.com.my/products/new-plus-size-s-5xl-floral-bomber-jacket-men-hip-hop-slim-fit-flowers-pilot-bomber-jacket-coat-mens-hooded-jackets-i581532837-s1164964719.html?","sku":"{\"Color\":\"White\",\"Size\":\"5XL\",\"Quantity\":3}"}
[2019-10-18T13:04:20.544] [INFO] cheese - 准备跳转到详情页
[2019-10-18T13:08:12.482] [INFO] cheese - sku参数已经收到 {"account":"716810918@qq.com","pwd":"gyj388153@","detailUrl":"https://www.lazada.com.my/products/new-plus-size-s-5xl-floral-bomber-jacket-men-hip-hop-slim-fit-flowers-pilot-bomber-jacket-coat-mens-hooded-jackets-i581532837-s1164964719.html?","sku":"{\"Color\":\"White\",\"Size\":\"5XL\",\"Quantity\":3}"}
[2019-10-18T13:08:13.468] [INFO] cheese - 准备跳转到详情页
[2019-10-18T13:08:43.472] [ERROR] cheese - 跳船详情页超时
[2019-10-18T13:11:57.080] [INFO] cheese - sku参数已经收到 {"account":"716810918@qq.com","pwd":"gyj388153@","detailUrl":"https://www.lazada.com.my/products/new-plus-size-s-5xl-floral-bomber-jacket-men-hip-hop-slim-fit-flowers-pilot-bomber-jacket-coat-mens-hooded-jackets-i581532837-s1164964719.html?","sku":"{\"Color\":\"White\",\"Size\":\"5XL\",\"Quantity\":3}"}
[2019-10-18T13:11:58.088] [INFO] cheese - 准备跳转到详情页
[2019-10-18T13:12:07.129] [INFO] cheese - 已经跳转到详情页
[2019-10-18T13:12:07.129] [INFO] cheese - 开始整理sku信息
[2019-10-18T13:12:07.167] [INFO] cheese - sku全部信息已经整理完 [[{"className":"sku-variable-img-wrap-disabled","title":"","skuName":"Blue","value":"White"},{"className":"sku-variable-img-wrap","title":"","skuName":"Blue","value":"White"},{"className":"sku-variable-img-wrap-disabled","title":"","skuName":"Blue","value":"White"},{"className":"sku-variable-img-wrap","title":"","skuName":"Blue","value":"White"},{"className":"sku-variable-img-wrap","title":"","skuName":"Blue","value":"White"},{"className":"sku-variable-img-wrap-selected","title":"","skuName":"Blue","value":"White"}],[{"className":"sku-variable-size-selected","title":"L","skuName":"<span class=\"sku-tabpath-single\"> Int </span>","value":"5XL"},{"className":"sku-variable-size","title":"3XL","skuName":"<span class=\"sku-tabpath-single\"> Int </span>","value":"5XL"},{"className":"sku-variable-size","title":"4XL","skuName":"<span class=\"sku-tabpath-single\"> Int </span>","value":"5XL"},{"className":"sku-variable-size","title":"5XL","skuName":"<span class=\"sku-tabpath-single\"> Int </span>","value":"5XL"}]]
[2019-10-18T13:12:07.167] [WARN] cheese - 是否有图片sku false
[2019-10-18T13:37:39.874] [INFO] cheese - sku参数已经收到 {"account":"716810918@qq.com","pwd":"gyj388153@","detailUrl":"https://www.lazada.com.my/products/new-plus-size-s-5xl-floral-bomber-jacket-men-hip-hop-slim-fit-flowers-pilot-bomber-jacket-coat-mens-hooded-jackets-i581532837-s1164964719.html?","sku":"{\"Color\":\"White\",\"Size\":\"5XL\",\"Quantity\":3}"}
[2019-10-18T13:37:40.951] [INFO] cheese - 准备跳转到详情页
[2019-10-18T13:38:10.952] [ERROR] cheese - 跳转详情页超时
[2019-10-18T13:38:10.960] [WARN] cheese - 是否有图片sku false
[2019-10-18T13:40:13.773] [INFO] cheese - sku参数已经收到 {"account":"716810918@qq.com","pwd":"gyj388153@","detailUrl":"https://www.lazada.com.my/products/new-plus-size-s-5xl-floral-bomber-jacket-men-hip-hop-slim-fit-flowers-pilot-bomber-jacket-coat-mens-hooded-jackets-i581532837-s1164964719.html?","sku":"{\"Color\":\"White\",\"Size\":\"5XL\",\"Quantity\":3}"}
[2019-10-18T13:40:14.686] [INFO] cheese - 准备跳转到详情页
[2019-10-18T13:40:44.689] [ERROR] cheese - 跳转详情页超时
[2019-10-18T13:40:44.696] [WARN] cheese - 是否有图片sku false
[2019-10-18T13:41:40.957] [INFO] cheese - sku参数已经收到 {"account":"716810918@qq.com","pwd":"gyj388153@","detailUrl":"https://www.lazada.com.my/products/new-plus-size-s-5xl-floral-bomber-jacket-men-hip-hop-slim-fit-flowers-pilot-bomber-jacket-coat-mens-hooded-jackets-i581532837-s1164964719.html?","sku":"{\"Color\":\"White\",\"Size\":\"5XL\",\"Quantity\":3}"}
[2019-10-18T13:41:41.852] [INFO] cheese - 准备跳转到详情页
[2019-10-18T13:42:07.442] [INFO] cheese - 已经跳转到详情页
[2019-10-18T13:42:07.442] [INFO] cheese - 开始整理sku信息
[2019-10-18T13:42:07.476] [INFO] cheese - sku全部信息已经整理完 [[{"className":"sku-variable-img-wrap-disabled","title":"","skuName":"Blue","value":"White"},{"className":"sku-variable-img-wrap","title":"","skuName":"Blue","value":"White"},{"className":"sku-variable-img-wrap-disabled","title":"","skuName":"Blue","value":"White"},{"className":"sku-variable-img-wrap","title":"","skuName":"Blue","value":"White"},{"className":"sku-variable-img-wrap","title":"","skuName":"Blue","value":"White"},{"className":"sku-variable-img-wrap-selected","title":"","skuName":"Blue","value":"White"}],[{"className":"sku-variable-size-selected","title":"L","skuName":"<span class=\"sku-tabpath-single\"> Int </span>","value":"5XL"},{"className":"sku-variable-size","title":"3XL","skuName":"<span class=\"sku-tabpath-single\"> Int </span>","value":"5XL"},{"className":"sku-variable-size","title":"4XL","skuName":"<span class=\"sku-tabpath-single\"> Int </span>","value":"5XL"},{"className":"sku-variable-size","title":"5XL","skuName":"<span class=\"sku-tabpath-single\"> Int </span>","value":"5XL"}]]
[2019-10-18T13:42:07.477] [WARN] cheese - 是否有图片sku false
[2019-10-18T13:45:47.683] [INFO] cheese - sku参数已经收到 {"account":"716810918@qq.com","pwd":"gyj388153@","detailUrl":"https://www.lazada.com.my/products/new-plus-size-s-5xl-floral-bomber-jacket-men-hip-hop-slim-fit-flowers-pilot-bomber-jacket-coat-mens-hooded-jackets-i581532837-s1164964719.html?","sku":"{\"Color\":\"White\",\"Size\":\"5XL\",\"Quantity\":3}"}
[2019-10-18T13:45:48.707] [INFO] cheese - 准备跳转到详情页
[2019-10-18T13:45:59.055] [INFO] cheese - 已经跳转到详情页
[2019-10-18T13:45:59.055] [INFO] cheese - 开始整理sku信息
[2019-10-18T13:45:59.095] [INFO] cheese - sku全部信息已经整理完 [[{"className":"sku-variable-img-wrap-disabled","title":"","skuName":"Blue","value":"White"},{"className":"sku-variable-img-wrap","title":"","skuName":"Blue","value":"White"},{"className":"sku-variable-img-wrap-disabled","title":"","skuName":"Blue","value":"White"},{"className":"sku-variable-img-wrap","title":"","skuName":"Blue","value":"White"},{"className":"sku-variable-img-wrap","title":"","skuName":"Blue","value":"White"},{"className":"sku-variable-img-wrap-selected","title":"","skuName":"Blue","value":"White"}],[{"className":"sku-variable-size-selected","title":"L","skuName":"<span class=\"sku-tabpath-single\"> Int </span>","value":"5XL"},{"className":"sku-variable-size","title":"3XL","skuName":"<span class=\"sku-tabpath-single\"> Int </span>","value":"5XL"},{"className":"sku-variable-size","title":"4XL","skuName":"<span class=\"sku-tabpath-single\"> Int </span>","value":"5XL"},{"className":"sku-variable-size","title":"5XL","skuName":"<span class=\"sku-tabpath-single\"> Int </span>","value":"5XL"}]]
[2019-10-18T13:47:03.945] [INFO] cheese - sku参数已经收到 {"account":"716810918@qq.com","pwd":"gyj388153@","detailUrl":"https://www.lazada.com.my/products/new-plus-size-s-5xl-floral-bomber-jacket-men-hip-hop-slim-fit-flowers-pilot-bomber-jacket-coat-mens-hooded-jackets-i581532837-s1164964719.html?","sku":"{\"Color\":\"White\",\"Size\":\"5XL\",\"Quantity\":3}"}
[2019-10-18T13:47:04.805] [INFO] cheese - 准备跳转到详情页
[2019-10-18T13:47:17.651] [INFO] cheese - 已经跳转到详情页
[2019-10-18T13:47:17.651] [INFO] cheese - 开始整理sku信息
[2019-10-18T13:47:17.691] [INFO] cheese - sku全部信息已经整理完 [[{"className":"sku-variable-img-wrap-disabled","title":"","skuName":"Blue","value":"White"},{"className":"sku-variable-img-wrap","title":"","skuName":"Blue","value":"White"},{"className":"sku-variable-img-wrap-disabled","title":"","skuName":"Blue","value":"White"},{"className":"sku-variable-img-wrap","title":"","skuName":"Blue","value":"White"},{"className":"sku-variable-img-wrap","title":"","skuName":"Blue","value":"White"},{"className":"sku-variable-img-wrap-selected","title":"","skuName":"Blue","value":"White"}],[{"className":"sku-variable-size-selected","title":"L","skuName":"<span class=\"sku-tabpath-single\"> Int </span>","value":"5XL"},{"className":"sku-variable-size","title":"3XL","skuName":"<span class=\"sku-tabpath-single\"> Int </span>","value":"5XL"},{"className":"sku-variable-size","title":"4XL","skuName":"<span class=\"sku-tabpath-single\"> Int </span>","value":"5XL"},{"className":"sku-variable-size","title":"5XL","skuName":"<span class=\"sku-tabpath-single\"> Int </span>","value":"5XL"}]]
[2019-10-18T13:47:17.691] [WARN] cheese - 是否有图片sku false
[2019-10-18T13:50:13.259] [INFO] cheese - sku参数已经收到 {"account":"716810918@qq.com","pwd":"gyj388153@","detailUrl":"https://www.lazada.com.my/products/new-plus-size-s-5xl-floral-bomber-jacket-men-hip-hop-slim-fit-flowers-pilot-bomber-jacket-coat-mens-hooded-jackets-i581532837-s1164964719.html?","sku":"{\"Color\":\"White\",\"Size\":\"5XL\",\"Quantity\":3}"}
[2019-10-18T13:50:14.151] [INFO] cheese - 准备跳转到详情页
[2019-10-18T13:50:26.810] [INFO] cheese - 已经跳转到详情页
[2019-10-18T13:50:26.811] [INFO] cheese - 开始整理sku信息
[2019-10-18T13:50:26.843] [INFO] cheese - sku全部信息已经整理完 [[{"className":"sku-variable-img-wrap-disabled","title":"","skuName":"Blue","value":"White"},{"className":"sku-variable-img-wrap","title":"","skuName":"Blue","value":"White"},{"className":"sku-variable-img-wrap-disabled","title":"","skuName":"Blue","value":"White"},{"className":"sku-variable-img-wrap","title":"","skuName":"Blue","value":"White"},{"className":"sku-variable-img-wrap","title":"","skuName":"Blue","value":"White"},{"className":"sku-variable-img-wrap-selected","title":"","skuName":"Blue","value":"White"}],[{"className":"sku-variable-size-selected","title":"L","skuName":"<span class=\"sku-tabpath-single\"> Int </span>","value":"5XL"},{"className":"sku-variable-size","title":"3XL","skuName":"<span class=\"sku-tabpath-single\"> Int </span>","value":"5XL"},{"className":"sku-variable-size","title":"4XL","skuName":"<span class=\"sku-tabpath-single\"> Int </span>","value":"5XL"},{"className":"sku-variable-size","title":"5XL","skuName":"<span class=\"sku-tabpath-single\"> Int </span>","value":"5XL"}]]
[2019-10-18T13:50:26.843] [INFO] cheese - 图片sku信息 [{"className":"sku-variable-img-wrap-disabled","title":"","skuName":"Blue","value":"White"},{"className":"sku-variable-img-wrap","title":"","skuName":"Blue","value":"White"},{"className":"sku-variable-img-wrap-disabled","title":"","skuName":"Blue","value":"White"},{"className":"sku-variable-img-wrap","title":"","skuName":"Blue","value":"White"},{"className":"sku-variable-img-wrap","title":"","skuName":"Blue","value":"White"},{"className":"sku-variable-img-wrap-selected","title":"","skuName":"Blue","value":"White"}]
[2019-10-18T13:50:26.843] [INFO] cheese - 开始点击图片sku
[2019-10-18T13:50:26.844] [INFO] cheese - img disabled 0
[2019-10-18T13:50:27.075] [INFO] cheese - img disabled 2
[2019-10-18T13:50:27.529] [INFO] cheese - img default selected error 5
[2019-10-18T13:50:27.529] [INFO] cheese - sku除图片信息sku [[{"className":"sku-variable-size-selected","title":"L","skuName":"<span class=\"sku-tabpath-single\"> Int </span>","value":"5XL"},{"className":"sku-variable-size","title":"3XL","skuName":"<span class=\"sku-tabpath-single\"> Int </span>","value":"5XL"},{"className":"sku-variable-size","title":"4XL","skuName":"<span class=\"sku-tabpath-single\"> Int </span>","value":"5XL"},{"className":"sku-variable-size","title":"5XL","skuName":"<span class=\"sku-tabpath-single\"> Int </span>","value":"5XL"}]]
[2019-10-18T13:50:27.529] [INFO] cheese - sku default selected error 0 0
[2019-10-18T13:50:27.529] [INFO] cheese - sku selected success 0 3
[2019-10-18T13:50:27.667] [INFO] cheese - 商品数量已经填写
[2019-10-18T13:50:27.878] [INFO] cheese - 已跳转至结算页
[2019-10-18T13:50:27.893] [INFO] cheese - 登录iframe弹框已捕捉
[2019-10-18T13:50:41.021] [INFO] cheese - 账号已经填写
[2019-10-18T13:50:42.143] [INFO] cheese - 密码已经填写
[2019-10-18T13:50:49.436] [INFO] cheese - 等待下单按钮出现
[2019-10-18T13:50:50.436] [INFO] cheese - 等待货到付款支付按钮
[2019-10-18T14:01:22.162] [INFO] cheese - sku参数已经收到 {"account":"716810918@qq.com","pwd":"gyj388153@","detailUrl":"https://www.lazada.com.my/products/new-plus-size-s-5xl-floral-bomber-jacket-men-hip-hop-slim-fit-flowers-pilot-bomber-jacket-coat-mens-hooded-jackets-i581532837-s1164964719.html?","sku":"{\"Color\":\"White\",\"Size\":\"5XL\",\"Quantity\":3}"}
[2019-10-18T14:01:23.158] [INFO] cheese - 准备跳转到详情页
[2019-10-18T14:01:53.160] [ERROR] cheese - 跳转详情页超时
[2019-10-18T14:02:36.628] [INFO] cheese - sku参数已经收到 {"account":"716810918@qq.com","pwd":"gyj388153@","detailUrl":"https://www.lazada.com.my/products/new-plus-size-s-5xl-floral-bomber-jacket-men-hip-hop-slim-fit-flowers-pilot-bomber-jacket-coat-mens-hooded-jackets-i581532837-s1164964719.html?","sku":"{\"Color\":\"White\",\"Size\":\"5XL\",\"Quantity\":3}"}
[2019-10-18T14:02:37.618] [INFO] cheese - 准备跳转到详情页
[2019-10-18T14:02:47.342] [INFO] cheese - 已经跳转到详情页
[2019-10-18T14:02:47.342] [INFO] cheese - 开始整理sku信息
[2019-10-18T14:02:47.375] [INFO] cheese - sku全部信息已经整理完 [[{"className":"sku-variable-img-wrap-disabled","title":"","skuName":"Blue","value":"White"},{"className":"sku-variable-img-wrap","title":"","skuName":"Blue","value":"White"},{"className":"sku-variable-img-wrap-disabled","title":"","skuName":"Blue","value":"White"},{"className":"sku-variable-img-wrap","title":"","skuName":"Blue","value":"White"},{"className":"sku-variable-img-wrap","title":"","skuName":"Blue","value":"White"},{"className":"sku-variable-img-wrap-selected","title":"","skuName":"Blue","value":"White"}],[{"className":"sku-variable-size-selected","title":"L","skuName":"<span class=\"sku-tabpath-single\"> Int </span>","value":"5XL"},{"className":"sku-variable-size","title":"3XL","skuName":"<span class=\"sku-tabpath-single\"> Int </span>","value":"5XL"},{"className":"sku-variable-size","title":"4XL","skuName":"<span class=\"sku-tabpath-single\"> Int </span>","value":"5XL"},{"className":"sku-variable-size","title":"5XL","skuName":"<span class=\"sku-tabpath-single\"> Int </span>","value":"5XL"}]]
[2019-10-18T14:02:47.375] [INFO] cheese - 图片sku信息 [{"className":"sku-variable-img-wrap-disabled","title":"","skuName":"Blue","value":"White"},{"className":"sku-variable-img-wrap","title":"","skuName":"Blue","value":"White"},{"className":"sku-variable-img-wrap-disabled","title":"","skuName":"Blue","value":"White"},{"className":"sku-variable-img-wrap","title":"","skuName":"Blue","value":"White"},{"className":"sku-variable-img-wrap","title":"","skuName":"Blue","value":"White"},{"className":"sku-variable-img-wrap-selected","title":"","skuName":"Blue","value":"White"}]
[2019-10-18T14:02:47.375] [INFO] cheese - 开始点击图片sku
[2019-10-18T14:02:47.375] [INFO] cheese - img disabled 0
[2019-10-18T14:02:47.664] [INFO] cheese - imgSkuArr2 [object Object],[object Object],[object Object],[object Object],[object Object],[object Object]
[2019-10-18T14:02:47.664] [INFO] cheese - img disabled 2
[2019-10-18T14:02:47.939] [INFO] cheese - imgSkuArr2 [object Object],[object Object],[object Object],[object Object],[object Object],[object Object]
[2019-10-18T14:02:48.251] [INFO] cheese - imgSkuArr2 [object Object],[object Object],[object Object],[object Object],[object Object],[object Object]
[2019-10-18T14:02:48.251] [INFO] cheese - img default selected error 5
[2019-10-18T14:02:48.251] [INFO] cheese - sku除图片信息sku [[{"className":"sku-variable-size-selected","title":"L","skuName":"<span class=\"sku-tabpath-single\"> Int </span>","value":"5XL"},{"className":"sku-variable-size","title":"3XL","skuName":"<span class=\"sku-tabpath-single\"> Int </span>","value":"5XL"},{"className":"sku-variable-size","title":"4XL","skuName":"<span class=\"sku-tabpath-single\"> Int </span>","value":"5XL"},{"className":"sku-variable-size","title":"5XL","skuName":"<span class=\"sku-tabpath-single\"> Int </span>","value":"5XL"}]]
[2019-10-18T14:02:48.251] [INFO] cheese - sku default selected error 0 0
[2019-10-18T14:02:48.252] [INFO] cheese - sku selected success 0 3
[2019-10-18T14:02:48.376] [INFO] cheese - 商品数量已经填写
[2019-10-18T14:02:48.607] [INFO] cheese - 已跳转至结算页
[2019-10-18T14:02:48.801] [INFO] cheese - 登录iframe弹框已捕捉
[2019-10-18T14:03:01.559] [INFO] cheese - 账号已经填写
[2019-10-18T14:03:02.718] [INFO] cheese - 密码已经填写
[2019-10-18T14:03:11.706] [INFO] cheese - 等待下单按钮出现
[2019-10-18T14:03:12.090] [INFO] cheese - 下单按钮已点击，等待跳转支付页面
[2019-10-18T14:03:14.088] [INFO] cheese - 等待货到付款支付按钮
[2019-10-18T14:03:14.344] [INFO] cheese - 货到付款按钮已点击
[2019-10-18T14:04:32.727] [INFO] cheese - sku参数已经收到 {"account":"716810918@qq.com","pwd":"gyj388153@","detailUrl":"https://www.lazada.com.my/products/new-plus-size-s-5xl-floral-bomber-jacket-men-hip-hop-slim-fit-flowers-pilot-bomber-jacket-coat-mens-hooded-jackets-i581532837-s1164964719.html?","sku":"{\"Color\":\"White\",\"Size\":\"5XL\",\"Quantity\":3}"}
[2019-10-18T14:04:33.674] [INFO] cheese - 准备跳转到详情页
[2019-10-18T14:05:01.730] [ERROR] cheese - 跳转详情页超时
[2019-10-18T14:05:29.731] [INFO] cheese - sku参数已经收到 {"account":"716810918@qq.com","pwd":"gyj388153@","detailUrl":"https://www.lazada.com.my/products/new-plus-size-s-5xl-floral-bomber-jacket-men-hip-hop-slim-fit-flowers-pilot-bomber-jacket-coat-mens-hooded-jackets-i581532837-s1164964719.html?","sku":"{\"Color\":\"White\",\"Size\":\"5XL\",\"Quantity\":3}"}
[2019-10-18T14:05:30.729] [INFO] cheese - 准备跳转到详情页
[2019-10-18T14:05:36.274] [INFO] cheese - 已经跳转到详情页
[2019-10-18T14:05:36.275] [INFO] cheese - 开始整理sku信息
[2019-10-18T14:05:36.308] [INFO] cheese - sku全部信息已经整理完 [[{"className":"sku-variable-img-wrap-disabled","title":"","skuName":"Blue","value":"White"},{"className":"sku-variable-img-wrap","title":"","skuName":"Blue","value":"White"},{"className":"sku-variable-img-wrap-disabled","title":"","skuName":"Blue","value":"White"},{"className":"sku-variable-img-wrap","title":"","skuName":"Blue","value":"White"},{"className":"sku-variable-img-wrap","title":"","skuName":"Blue","value":"White"},{"className":"sku-variable-img-wrap-selected","title":"","skuName":"Blue","value":"White"}],[{"className":"sku-variable-size-selected","title":"L","skuName":"<span class=\"sku-tabpath-single\"> Int </span>","value":"5XL"},{"className":"sku-variable-size","title":"3XL","skuName":"<span class=\"sku-tabpath-single\"> Int </span>","value":"5XL"},{"className":"sku-variable-size","title":"4XL","skuName":"<span class=\"sku-tabpath-single\"> Int </span>","value":"5XL"},{"className":"sku-variable-size","title":"5XL","skuName":"<span class=\"sku-tabpath-single\"> Int </span>","value":"5XL"}]]
[2019-10-18T14:05:36.308] [INFO] cheese - 图片sku信息 [{"className":"sku-variable-img-wrap-disabled","title":"","skuName":"Blue","value":"White"},{"className":"sku-variable-img-wrap","title":"","skuName":"Blue","value":"White"},{"className":"sku-variable-img-wrap-disabled","title":"","skuName":"Blue","value":"White"},{"className":"sku-variable-img-wrap","title":"","skuName":"Blue","value":"White"},{"className":"sku-variable-img-wrap","title":"","skuName":"Blue","value":"White"},{"className":"sku-variable-img-wrap-selected","title":"","skuName":"Blue","value":"White"}]
[2019-10-18T14:05:36.308] [INFO] cheese - 开始点击图片sku
[2019-10-18T14:05:36.308] [INFO] cheese - img disabled 0
[2019-10-18T14:05:36.815] [INFO] cheese - imgSkuArr2 [{"className":"sku-variable-img-wrap-disabled","title":"","skuName":"Green","value":"White"},{"className":"sku-variable-img-wrap-selected","title":"","skuName":"Green","value":"White"},{"className":"sku-variable-img-wrap-disabled","title":"","skuName":"Green","value":"White"},{"className":"sku-variable-img-wrap","title":"","skuName":"Green","value":"White"},{"className":"sku-variable-img-wrap","title":"","skuName":"Green","value":"White"},{"className":"sku-variable-img-wrap","title":"","skuName":"Green","value":"White"}]
[2019-10-18T14:05:36.815] [INFO] cheese - img disabled 2
[2019-10-18T14:05:37.094] [INFO] cheese - imgSkuArr2 [{"className":"sku-variable-img-wrap-disabled","title":"","skuName":"Grey","value":"White"},{"className":"sku-variable-img-wrap","title":"","skuName":"Grey","value":"White"},{"className":"sku-variable-img-wrap-disabled","title":"","skuName":"Grey","value":"White"},{"className":"sku-variable-img-wrap-selected","title":"","skuName":"Grey","value":"White"},{"className":"sku-variable-img-wrap","title":"","skuName":"Grey","value":"White"},{"className":"sku-variable-img-wrap","title":"","skuName":"Grey","value":"White"}]
[2019-10-18T14:05:37.376] [INFO] cheese - imgSkuArr2 [{"className":"sku-variable-img-wrap-disabled","title":"","skuName":"Black","value":"White"},{"className":"sku-variable-img-wrap","title":"","skuName":"Black","value":"White"},{"className":"sku-variable-img-wrap-disabled","title":"","skuName":"Black","value":"White"},{"className":"sku-variable-img-wrap","title":"","skuName":"Black","value":"White"},{"className":"sku-variable-img-wrap-selected","title":"","skuName":"Black","value":"White"},{"className":"sku-variable-img-wrap","title":"","skuName":"Black","value":"White"}]
[2019-10-18T14:05:37.376] [INFO] cheese - img default selected error 5
[2019-10-18T14:05:37.376] [INFO] cheese - sku除图片信息sku [[{"className":"sku-variable-size-selected","title":"L","skuName":"<span class=\"sku-tabpath-single\"> Int </span>","value":"5XL"},{"className":"sku-variable-size","title":"3XL","skuName":"<span class=\"sku-tabpath-single\"> Int </span>","value":"5XL"},{"className":"sku-variable-size","title":"4XL","skuName":"<span class=\"sku-tabpath-single\"> Int </span>","value":"5XL"},{"className":"sku-variable-size","title":"5XL","skuName":"<span class=\"sku-tabpath-single\"> Int </span>","value":"5XL"}]]
[2019-10-18T14:05:37.376] [INFO] cheese - sku default selected error 0 0
[2019-10-18T14:05:37.376] [INFO] cheese - sku selected success 0 3
[2019-10-18T14:05:37.499] [INFO] cheese - 商品数量已经填写
[2019-10-18T14:05:37.771] [INFO] cheese - 已跳转至结算页
[2019-10-18T14:05:37.820] [INFO] cheese - 登录iframe弹框已捕捉
[2019-10-18T14:05:39.076] [INFO] cheese - 账号已经填写
[2019-10-18T14:05:40.199] [INFO] cheese - 密码已经填写
[2019-10-18T14:12:36.780] [INFO] cheese - sku参数已经收到 {"account":"716810918@qq.com","pwd":"gyj388153@","detailUrl":"https://www.lazada.com.my/products/new-plus-size-s-5xl-floral-bomber-jacket-men-hip-hop-slim-fit-flowers-pilot-bomber-jacket-coat-mens-hooded-jackets-i581532837-s1164964719.html?","sku":"{\"Color\":\"White\",\"Size\":\"5XL\",\"Quantity\":3}"}
[2019-10-18T14:12:38.297] [INFO] cheese - 准备跳转到详情页
[2019-10-18T14:12:47.818] [INFO] cheese - 已经跳转到详情页
[2019-10-18T14:12:47.818] [INFO] cheese - 开始整理sku信息
[2019-10-18T14:12:47.851] [INFO] cheese - sku全部信息已经整理完 [[{"className":"sku-variable-img-wrap-disabled","title":"","skuName":"Blue","value":"White"},{"className":"sku-variable-img-wrap","title":"","skuName":"Blue","value":"White"},{"className":"sku-variable-img-wrap-disabled","title":"","skuName":"Blue","value":"White"},{"className":"sku-variable-img-wrap","title":"","skuName":"Blue","value":"White"},{"className":"sku-variable-img-wrap","title":"","skuName":"Blue","value":"White"},{"className":"sku-variable-img-wrap-selected","title":"","skuName":"Blue","value":"White"}],[{"className":"sku-variable-size-selected","title":"L","skuName":"<span class=\"sku-tabpath-single\"> Int </span>","value":"5XL"},{"className":"sku-variable-size","title":"3XL","skuName":"<span class=\"sku-tabpath-single\"> Int </span>","value":"5XL"},{"className":"sku-variable-size","title":"4XL","skuName":"<span class=\"sku-tabpath-single\"> Int </span>","value":"5XL"},{"className":"sku-variable-size","title":"5XL","skuName":"<span class=\"sku-tabpath-single\"> Int </span>","value":"5XL"}]]
[2019-10-18T14:12:47.851] [INFO] cheese - idx 0
[2019-10-18T14:23:46.048] [INFO] cheese - sku参数已经收到 {"account":"716810918@qq.com","pwd":"gyj388153@","detailUrl":"https://www.lazada.com.my/products/new-plus-size-s-5xl-floral-bomber-jacket-men-hip-hop-slim-fit-flowers-pilot-bomber-jacket-coat-mens-hooded-jackets-i581532837-s1164964719.html?","sku":"{\"Color\":\"White\",\"Size\":\"5XL\",\"Quantity\":3}"}
[2019-10-18T14:23:46.988] [INFO] cheese - 准备跳转到详情页
[2019-10-18T14:23:53.767] [INFO] cheese - 已经跳转到详情页
[2019-10-18T14:23:53.767] [INFO] cheese - 开始整理sku信息
[2019-10-18T14:23:53.801] [INFO] cheese - sku全部信息已经整理完 [[{"className":"sku-variable-img-wrap-disabled","title":"","skuName":"Blue","value":"White"},{"className":"sku-variable-img-wrap","title":"","skuName":"Blue","value":"White"},{"className":"sku-variable-img-wrap-disabled","title":"","skuName":"Blue","value":"White"},{"className":"sku-variable-img-wrap","title":"","skuName":"Blue","value":"White"},{"className":"sku-variable-img-wrap","title":"","skuName":"Blue","value":"White"},{"className":"sku-variable-img-wrap-selected","title":"","skuName":"Blue","value":"White"}],[{"className":"sku-variable-size-selected","title":"L","skuName":"<span class=\"sku-tabpath-single\"> Int </span>","value":"5XL"},{"className":"sku-variable-size","title":"3XL","skuName":"<span class=\"sku-tabpath-single\"> Int </span>","value":"5XL"},{"className":"sku-variable-size","title":"4XL","skuName":"<span class=\"sku-tabpath-single\"> Int </span>","value":"5XL"},{"className":"sku-variable-size","title":"5XL","skuName":"<span class=\"sku-tabpath-single\"> Int </span>","value":"5XL"}]]
[2019-10-18T14:23:53.801] [INFO] cheese - idx 0, hasImgSku false
[2019-10-18T14:52:48.480] [INFO] cheese - sku参数已经收到 {"account":"716810918@qq.com","pwd":"gyj388153@","detailUrl":"https://www.lazada.com.my/products/new-plus-size-s-5xl-floral-bomber-jacket-men-hip-hop-slim-fit-flowers-pilot-bomber-jacket-coat-mens-hooded-jackets-i581532837-s1164964719.html?","sku":"{\"Color\":\"White\",\"Size\":\"5XL\",\"Quantity\":3}"}
[2019-10-18T14:52:49.453] [INFO] cheese - 准备跳转到详情页
[2019-10-18T14:53:19.455] [ERROR] cheese - 跳转详情页超时
[2019-10-18T14:54:22.230] [INFO] cheese - sku参数已经收到 {"account":"716810918@qq.com","pwd":"gyj388153@","detailUrl":"https://www.lazada.com.my/products/new-plus-size-s-5xl-floral-bomber-jacket-men-hip-hop-slim-fit-flowers-pilot-bomber-jacket-coat-mens-hooded-jackets-i581532837-s1164964719.html?","sku":"{\"Color\":\"White\",\"Size\":\"5XL\",\"Quantity\":3}"}
[2019-10-18T14:54:23.177] [INFO] cheese - 准备跳转到详情页
[2019-10-18T14:54:37.705] [INFO] cheese - 已经跳转到详情页
[2019-10-18T14:54:37.706] [INFO] cheese - 开始整理sku信息
[2019-10-18T14:54:37.737] [INFO] cheese - sku全部信息已经整理完 [[{"className":"sku-variable-img-wrap-disabled","title":"","skuName":"Blue","value":"White"},{"className":"sku-variable-img-wrap","title":"","skuName":"Blue","value":"White"},{"className":"sku-variable-img-wrap-disabled","title":"","skuName":"Blue","value":"White"},{"className":"sku-variable-img-wrap","title":"","skuName":"Blue","value":"White"},{"className":"sku-variable-img-wrap","title":"","skuName":"Blue","value":"White"},{"className":"sku-variable-img-wrap-selected","title":"","skuName":"Blue","value":"White"}],[{"className":"sku-variable-size-selected","title":"L","skuName":"<span class=\"sku-tabpath-single\"> Int </span>","value":"5XL"},{"className":"sku-variable-size","title":"3XL","skuName":"<span class=\"sku-tabpath-single\"> Int </span>","value":"5XL"},{"className":"sku-variable-size","title":"4XL","skuName":"<span class=\"sku-tabpath-single\"> Int </span>","value":"5XL"},{"className":"sku-variable-size","title":"5XL","skuName":"<span class=\"sku-tabpath-single\"> Int </span>","value":"5XL"}]]
[2019-10-18T14:54:37.737] [INFO] cheese - idx 0, hasImgSku true
[2019-10-18T15:08:48.325] [INFO] cheese - sku参数已经收到 {"account":"716810918@qq.com","pwd":"gyj388153@","detailUrl":"https://www.lazada.com.my/products/new-plus-size-s-5xl-floral-bomber-jacket-men-hip-hop-slim-fit-flowers-pilot-bomber-jacket-coat-mens-hooded-jackets-i581532837-s1164964719.html?","sku":"{\"Color\":\"White\",\"Size\":\"5XL\",\"Quantity\":3}"}
[2019-10-18T15:08:49.326] [INFO] cheese - 准备跳转到详情页
[2019-10-18T15:08:59.967] [INFO] cheese - 已经跳转到详情页
[2019-10-18T15:08:59.967] [INFO] cheese - 开始整理sku信息
[2019-10-18T15:09:00.001] [INFO] cheese - sku全部信息已经整理完 [[{"className":"sku-variable-img-wrap-disabled","title":"","skuName":"Blue","value":"White"},{"className":"sku-variable-img-wrap","title":"","skuName":"Blue","value":"White"},{"className":"sku-variable-img-wrap-disabled","title":"","skuName":"Blue","value":"White"},{"className":"sku-variable-img-wrap","title":"","skuName":"Blue","value":"White"},{"className":"sku-variable-img-wrap","title":"","skuName":"Blue","value":"White"},{"className":"sku-variable-img-wrap-selected","title":"","skuName":"Blue","value":"White"}],[{"className":"sku-variable-size-selected","title":"L","skuName":"<span class=\"sku-tabpath-single\"> Int </span>","value":"5XL"},{"className":"sku-variable-size","title":"3XL","skuName":"<span class=\"sku-tabpath-single\"> Int </span>","value":"5XL"},{"className":"sku-variable-size","title":"4XL","skuName":"<span class=\"sku-tabpath-single\"> Int </span>","value":"5XL"},{"className":"sku-variable-size","title":"5XL","skuName":"<span class=\"sku-tabpath-single\"> Int </span>","value":"5XL"}]]
[2019-10-18T15:09:00.002] [INFO] cheese - 是否有图片sku信息 true 1
[2019-10-18T15:15:03.029] [INFO] cheese - sku参数已经收到 {"account":"716810918@qq.com","pwd":"gyj388153@","detailUrl":"https://www.lazada.com.my/products/new-plus-size-s-5xl-floral-bomber-jacket-men-hip-hop-slim-fit-flowers-pilot-bomber-jacket-coat-mens-hooded-jackets-i581532837-s1164964719.html?","sku":"{\"Color\":\"White\",\"Size\":\"5XL\",\"Quantity\":3}"}
[2019-10-18T15:15:04.007] [INFO] cheese - 准备跳转到详情页
[2019-10-18T15:15:34.009] [ERROR] cheese - 跳转详情页超时
[2019-10-18T15:20:44.434] [INFO] cheese - sku参数已经收到 {"account":"716810918@qq.com","pwd":"gyj388153@","detailUrl":"https://www.lazada.com.my/products/new-plus-size-s-5xl-floral-bomber-jacket-men-hip-hop-slim-fit-flowers-pilot-bomber-jacket-coat-mens-hooded-jackets-i581532837-s1164964719.html?","sku":"{\"Color\":\"White\",\"Size\":\"5XL\",\"Quantity\":3}"}
[2019-10-18T15:20:45.304] [INFO] cheese - 准备跳转到详情页
[2019-10-18T15:20:56.116] [INFO] cheese - 已经跳转到详情页
[2019-10-18T15:20:56.116] [INFO] cheese - 开始整理sku信息
[2019-10-18T15:20:56.146] [INFO] cheese - sku全部信息已经整理完 [[{"className":"sku-variable-img-wrap-disabled","title":"","skuName":"Blue","value":"White"},{"className":"sku-variable-img-wrap","title":"","skuName":"Blue","value":"White"},{"className":"sku-variable-img-wrap-disabled","title":"","skuName":"Blue","value":"White"},{"className":"sku-variable-img-wrap","title":"","skuName":"Blue","value":"White"},{"className":"sku-variable-img-wrap","title":"","skuName":"Blue","value":"White"},{"className":"sku-variable-img-wrap-selected","title":"","skuName":"Blue","value":"White"}],[{"className":"sku-variable-size-selected","title":"L","skuName":"<span class=\"sku-tabpath-single\"> Int </span>","value":"5XL"},{"className":"sku-variable-size","title":"3XL","skuName":"<span class=\"sku-tabpath-single\"> Int </span>","value":"5XL"},{"className":"sku-variable-size","title":"4XL","skuName":"<span class=\"sku-tabpath-single\"> Int </span>","value":"5XL"},{"className":"sku-variable-size","title":"5XL","skuName":"<span class=\"sku-tabpath-single\"> Int </span>","value":"5XL"}]]
[2019-10-18T15:23:20.368] [INFO] cheese - sku参数已经收到 {"account":"716810918@qq.com","pwd":"gyj388153@","detailUrl":"https://www.lazada.com.my/products/new-plus-size-s-5xl-floral-bomber-jacket-men-hip-hop-slim-fit-flowers-pilot-bomber-jacket-coat-mens-hooded-jackets-i581532837-s1164964719.html?","sku":"{\"Color\":\"White\",\"Size\":\"5XL\",\"Quantity\":3}"}
[2019-10-18T15:23:21.365] [INFO] cheese - 准备跳转到详情页
[2019-10-18T15:23:51.369] [ERROR] cheese - 跳转详情页超时
[2019-10-18T15:24:22.370] [INFO] cheese - sku参数已经收到 {"account":"716810918@qq.com","pwd":"gyj388153@","detailUrl":"https://www.lazada.com.my/products/new-plus-size-s-5xl-floral-bomber-jacket-men-hip-hop-slim-fit-flowers-pilot-bomber-jacket-coat-mens-hooded-jackets-i581532837-s1164964719.html?","sku":"{\"Color\":\"White\",\"Size\":\"5XL\",\"Quantity\":3}"}
[2019-10-18T15:24:23.324] [INFO] cheese - 准备跳转到详情页
[2019-10-18T15:24:38.430] [INFO] cheese - 已经跳转到详情页
[2019-10-18T15:24:38.430] [INFO] cheese - 开始整理sku信息
[2019-10-18T15:24:38.465] [INFO] cheese - sku全部信息已经整理完 [[{"className":"sku-variable-img-wrap-disabled","title":"","skuName":"Blue","value":"White"},{"className":"sku-variable-img-wrap","title":"","skuName":"Blue","value":"White"},{"className":"sku-variable-img-wrap-disabled","title":"","skuName":"Blue","value":"White"},{"className":"sku-variable-img-wrap","title":"","skuName":"Blue","value":"White"},{"className":"sku-variable-img-wrap","title":"","skuName":"Blue","value":"White"},{"className":"sku-variable-img-wrap-selected","title":"","skuName":"Blue","value":"White"}],[{"className":"sku-variable-size-selected","title":"L","skuName":"<span class=\"sku-tabpath-single\"> Int </span>","value":"5XL"},{"className":"sku-variable-size","title":"3XL","skuName":"<span class=\"sku-tabpath-single\"> Int </span>","value":"5XL"},{"className":"sku-variable-size","title":"4XL","skuName":"<span class=\"sku-tabpath-single\"> Int </span>","value":"5XL"},{"className":"sku-variable-size","title":"5XL","skuName":"<span class=\"sku-tabpath-single\"> Int </span>","value":"5XL"}]]
[2019-10-18T15:24:39.474] [INFO] cheese - 是否有图片sku信息 true 1
[2019-10-18T15:33:47.852] [INFO] cheese - sku参数已经收到 {"account":"716810918@qq.com","pwd":"gyj388153@","detailUrl":"https://www.lazada.com.my/products/new-plus-size-s-5xl-floral-bomber-jacket-men-hip-hop-slim-fit-flowers-pilot-bomber-jacket-coat-mens-hooded-jackets-i581532837-s1164964719.html?","sku":"{\"Color\":\"White\",\"Size\":\"5XL\",\"Quantity\":3}"}
[2019-10-18T15:33:48.835] [INFO] cheese - 准备跳转到详情页
[2019-10-18T15:34:18.838] [ERROR] cheese - 跳转详情页超时
[2019-10-18T15:34:37.458] [INFO] cheese - sku参数已经收到 {"account":"716810918@qq.com","pwd":"gyj388153@","detailUrl":"https://www.lazada.com.my/products/new-plus-size-s-5xl-floral-bomber-jacket-men-hip-hop-slim-fit-flowers-pilot-bomber-jacket-coat-mens-hooded-jackets-i581532837-s1164964719.html?","sku":"{\"Color\":\"White\",\"Size\":\"5XL\",\"Quantity\":3}"}
[2019-10-18T15:34:38.412] [INFO] cheese - 准备跳转到详情页
[2019-10-18T15:35:05.475] [INFO] cheese - sku参数已经收到 {"account":"716810918@qq.com","pwd":"gyj388153@","detailUrl":"https://www.lazada.com.my/products/new-plus-size-s-5xl-floral-bomber-jacket-men-hip-hop-slim-fit-flowers-pilot-bomber-jacket-coat-mens-hooded-jackets-i581532837-s1164964719.html?","sku":"{\"Color\":\"White\",\"Size\":\"5XL\",\"Quantity\":3}"}
[2019-10-18T15:35:06.430] [INFO] cheese - 准备跳转到详情页
[2019-10-18T15:35:21.360] [INFO] cheese - 已经跳转到详情页
[2019-10-18T15:35:21.361] [INFO] cheese - 开始整理sku信息
[2019-10-18T15:35:21.400] [INFO] cheese - sku全部信息已经整理完 [[{"className":"sku-variable-img-wrap-disabled","title":"","skuName":"Blue","value":"White"},{"className":"sku-variable-img-wrap","title":"","skuName":"Blue","value":"White"},{"className":"sku-variable-img-wrap-disabled","title":"","skuName":"Blue","value":"White"},{"className":"sku-variable-img-wrap","title":"","skuName":"Blue","value":"White"},{"className":"sku-variable-img-wrap","title":"","skuName":"Blue","value":"White"},{"className":"sku-variable-img-wrap-selected","title":"","skuName":"Blue","value":"White"}],[{"className":"sku-variable-size-selected","title":"L","skuName":"<span class=\"sku-tabpath-single\"> Int </span>","value":"5XL"},{"className":"sku-variable-size","title":"3XL","skuName":"<span class=\"sku-tabpath-single\"> Int </span>","value":"5XL"},{"className":"sku-variable-size","title":"4XL","skuName":"<span class=\"sku-tabpath-single\"> Int </span>","value":"5XL"},{"className":"sku-variable-size","title":"5XL","skuName":"<span class=\"sku-tabpath-single\"> Int </span>","value":"5XL"}]]
[2019-10-18T15:35:21.400] [INFO] cheese - name sku-variable-img-wrap-disabled
[2019-10-18T15:35:21.400] [INFO] cheese - name sku-variable-img-wrap
[2019-10-18T15:35:21.400] [INFO] cheese - name sku-variable-img-wrap-disabled
[2019-10-18T15:35:21.400] [INFO] cheese - name sku-variable-img-wrap
[2019-10-18T15:35:21.400] [INFO] cheese - name sku-variable-img-wrap
[2019-10-18T15:35:21.400] [INFO] cheese - name sku-variable-img-wrap-selected
[2019-10-18T15:35:21.400] [INFO] cheese - name sku-variable-size-selected
[2019-10-18T15:35:21.400] [INFO] cheese - name sku-variable-size
[2019-10-18T15:35:21.400] [INFO] cheese - name sku-variable-size
[2019-10-18T15:35:21.400] [INFO] cheese - name sku-variable-size
[2019-10-18T15:35:21.400] [INFO] cheese - 是否有图片sku信息 false 0
[2019-10-18T15:38:57.555] [INFO] cheese - sku参数已经收到 {"account":"716810918@qq.com","pwd":"gyj388153@","detailUrl":"https://www.lazada.com.my/products/new-plus-size-s-5xl-floral-bomber-jacket-men-hip-hop-slim-fit-flowers-pilot-bomber-jacket-coat-mens-hooded-jackets-i581532837-s1164964719.html?","sku":"{\"Color\":\"White\",\"Size\":\"5XL\",\"Quantity\":3}"}
[2019-10-18T15:38:58.529] [INFO] cheese - 准备跳转到详情页
[2019-10-18T15:39:12.006] [INFO] cheese - 已经跳转到详情页
[2019-10-18T15:39:12.006] [INFO] cheese - 开始整理sku信息
[2019-10-18T15:39:12.045] [INFO] cheese - sku全部信息已经整理完 [[{"className":"sku-variable-img-wrap-disabled","title":"","skuName":"Blue","value":"White"},{"className":"sku-variable-img-wrap","title":"","skuName":"Blue","value":"White"},{"className":"sku-variable-img-wrap-disabled","title":"","skuName":"Blue","value":"White"},{"className":"sku-variable-img-wrap","title":"","skuName":"Blue","value":"White"},{"className":"sku-variable-img-wrap","title":"","skuName":"Blue","value":"White"},{"className":"sku-variable-img-wrap-selected","title":"","skuName":"Blue","value":"White"}],[{"className":"sku-variable-size-selected","title":"L","skuName":"<span class=\"sku-tabpath-single\"> Int </span>","value":"5XL"},{"className":"sku-variable-size","title":"3XL","skuName":"<span class=\"sku-tabpath-single\"> Int </span>","value":"5XL"},{"className":"sku-variable-size","title":"4XL","skuName":"<span class=\"sku-tabpath-single\"> Int </span>","value":"5XL"},{"className":"sku-variable-size","title":"5XL","skuName":"<span class=\"sku-tabpath-single\"> Int </span>","value":"5XL"}]]
[2019-10-18T15:39:12.264] [INFO] cheese - 是否有图片sku信息 true 0
[2019-10-18T15:58:40.369] [INFO] cheese - sku参数已经收到 {"account":"716810918@qq.com","pwd":"gyj388153@","detailUrl":"https://www.lazada.com.my/products/new-plus-size-s-5xl-floral-bomber-jacket-men-hip-hop-slim-fit-flowers-pilot-bomber-jacket-coat-mens-hooded-jackets-i581532837-s1164964719.html?","sku":"{\"Color\":\"White\",\"Size\":\"5XL\",\"Quantity\":3}"}
[2019-10-18T15:58:41.341] [INFO] cheese - 准备跳转到详情页
[2019-10-18T15:59:11.343] [ERROR] cheese - 跳转详情页超时
[2019-10-18T15:59:33.109] [INFO] cheese - sku参数已经收到 {"account":"716810918@qq.com","pwd":"gyj388153@","detailUrl":"https://www.lazada.com.my/products/new-plus-size-s-5xl-floral-bomber-jacket-men-hip-hop-slim-fit-flowers-pilot-bomber-jacket-coat-mens-hooded-jackets-i581532837-s1164964719.html?","sku":"{\"Color\":\"White\",\"Size\":\"5XL\",\"Quantity\":3}"}
[2019-10-18T15:59:34.088] [INFO] cheese - 准备跳转到详情页
[2019-10-18T16:00:04.090] [ERROR] cheese - 跳转详情页超时
[2019-10-18T16:00:32.976] [INFO] cheese - sku参数已经收到 {"account":"716810918@qq.com","pwd":"gyj388153@","detailUrl":"https://www.lazada.com.my/products/new-plus-size-s-5xl-floral-bomber-jacket-men-hip-hop-slim-fit-flowers-pilot-bomber-jacket-coat-mens-hooded-jackets-i581532837-s1164964719.html?","sku":"{\"Color\":\"White\",\"Size\":\"5XL\",\"Quantity\":3}"}
[2019-10-18T16:00:33.966] [INFO] cheese - 准备跳转到详情页
[2019-10-18T16:01:03.968] [ERROR] cheese - 跳转详情页超时
[2019-10-18T16:01:23.204] [INFO] cheese - sku参数已经收到 {"account":"716810918@qq.com","pwd":"gyj388153@","detailUrl":"https://www.lazada.com.my/products/new-plus-size-s-5xl-floral-bomber-jacket-men-hip-hop-slim-fit-flowers-pilot-bomber-jacket-coat-mens-hooded-jackets-i581532837-s1164964719.html?","sku":"{\"Color\":\"White\",\"Size\":\"5XL\",\"Quantity\":3}"}
[2019-10-18T16:01:24.160] [INFO] cheese - 准备跳转到详情页
[2019-10-18T16:01:54.163] [ERROR] cheese - 跳转详情页超时
[2019-10-18T16:02:47.574] [INFO] cheese - sku参数已经收到 {"account":"716810918@qq.com","pwd":"gyj388153@","detailUrl":"https://www.lazada.com.my/products/new-plus-size-s-5xl-floral-bomber-jacket-men-hip-hop-slim-fit-flowers-pilot-bomber-jacket-coat-mens-hooded-jackets-i581532837-s1164964719.html?","sku":"{\"Color\":\"White\",\"Size\":\"5XL\",\"Quantity\":3}"}
[2019-10-18T16:02:48.542] [INFO] cheese - 准备跳转到详情页
[2019-10-18T16:03:18.546] [ERROR] cheese - 跳转详情页超时
